<?xml version="1.0" encoding="UTF-8"?>
<testsuite name="com.study.first.springboot.domain.posts.PostsRepositoryTest" tests="1" skipped="0" failures="0" errors="0" timestamp="2021-01-27T12:12:19" hostname="DESKTOP-F7GHCA8" time="0.833">
  <properties/>
  <testcase name="BaseTimeEntity_등록" classname="com.study.first.springboot.domain.posts.PostsRepositoryTest" time="0.833"/>
  <system-out><![CDATA[21:12:08.323 [Test worker] DEBUG org.springframework.test.context.junit4.SpringJUnit4ClassRunner - SpringJUnit4ClassRunner constructor called with [class com.study.first.springboot.domain.posts.PostsRepositoryTest]
21:12:08.337 [Test worker] DEBUG org.springframework.test.context.BootstrapUtils - Instantiating CacheAwareContextLoaderDelegate from class [org.springframework.test.context.cache.DefaultCacheAwareContextLoaderDelegate]
21:12:08.357 [Test worker] DEBUG org.springframework.test.context.BootstrapUtils - Instantiating BootstrapContext using constructor [public org.springframework.test.context.support.DefaultBootstrapContext(java.lang.Class,org.springframework.test.context.CacheAwareContextLoaderDelegate)]
21:12:08.409 [Test worker] DEBUG org.springframework.test.context.BootstrapUtils - Instantiating TestContextBootstrapper for test class [com.study.first.springboot.domain.posts.PostsRepositoryTest] from class [org.springframework.boot.test.context.SpringBootTestContextBootstrapper]
21:12:08.428 [Test worker] INFO org.springframework.boot.test.context.SpringBootTestContextBootstrapper - Neither @ContextConfiguration nor @ContextHierarchy found for test class [com.study.first.springboot.domain.posts.PostsRepositoryTest], using SpringBootContextLoader
21:12:08.433 [Test worker] DEBUG org.springframework.test.context.support.AbstractContextLoader - Did not detect default resource location for test class [com.study.first.springboot.domain.posts.PostsRepositoryTest]: class path resource [com/study/first/springboot/domain/posts/PostsRepositoryTest-context.xml] does not exist
21:12:08.434 [Test worker] DEBUG org.springframework.test.context.support.AbstractContextLoader - Did not detect default resource location for test class [com.study.first.springboot.domain.posts.PostsRepositoryTest]: class path resource [com/study/first/springboot/domain/posts/PostsRepositoryTestContext.groovy] does not exist
21:12:08.435 [Test worker] INFO org.springframework.test.context.support.AbstractContextLoader - Could not detect default resource locations for test class [com.study.first.springboot.domain.posts.PostsRepositoryTest]: no resource found for suffixes {-context.xml, Context.groovy}.
21:12:08.437 [Test worker] INFO org.springframework.test.context.support.AnnotationConfigContextLoaderUtils - Could not detect default configuration classes for test class [com.study.first.springboot.domain.posts.PostsRepositoryTest]: PostsRepositoryTest does not declare any static, non-private, non-final, nested classes annotated with @Configuration.
21:12:08.501 [Test worker] DEBUG org.springframework.test.context.support.ActiveProfilesUtils - Could not find an 'annotation declaring class' for annotation type [org.springframework.test.context.ActiveProfiles] and class [com.study.first.springboot.domain.posts.PostsRepositoryTest]
21:12:08.666 [Test worker] DEBUG org.springframework.context.annotation.ClassPathScanningCandidateComponentProvider - Identified candidate component class: file [C:\Users\tmdwl\IdeaProjects\setting-InteliJ\build\classes\java\main\com\study\first\springboot\Application.class]
21:12:08.669 [Test worker] INFO org.springframework.boot.test.context.SpringBootTestContextBootstrapper - Found @SpringBootConfiguration com.study.first.springboot.Application for test class com.study.first.springboot.domain.posts.PostsRepositoryTest
21:12:08.908 [Test worker] DEBUG org.springframework.boot.test.context.SpringBootTestContextBootstrapper - @TestExecutionListeners is not present for class [com.study.first.springboot.domain.posts.PostsRepositoryTest]: using defaults.
21:12:08.909 [Test worker] INFO org.springframework.boot.test.context.SpringBootTestContextBootstrapper - Loaded default TestExecutionListener class names from location [META-INF/spring.factories]: [org.springframework.boot.test.autoconfigure.restdocs.RestDocsTestExecutionListener, org.springframework.boot.test.autoconfigure.web.client.MockRestServiceServerResetTestExecutionListener, org.springframework.boot.test.autoconfigure.web.servlet.MockMvcPrintOnlyOnFailureTestExecutionListener, org.springframework.boot.test.autoconfigure.web.servlet.WebDriverTestExecutionListener, org.springframework.boot.test.mock.mockito.MockitoTestExecutionListener, org.springframework.boot.test.mock.mockito.ResetMocksTestExecutionListener, org.springframework.test.context.web.ServletTestExecutionListener, org.springframework.test.context.support.DirtiesContextBeforeModesTestExecutionListener, org.springframework.test.context.support.DependencyInjectionTestExecutionListener, org.springframework.test.context.support.DirtiesContextTestExecutionListener, org.springframework.test.context.transaction.TransactionalTestExecutionListener, org.springframework.test.context.jdbc.SqlScriptsTestExecutionListener]
21:12:08.939 [Test worker] INFO org.springframework.boot.test.context.SpringBootTestContextBootstrapper - Using TestExecutionListeners: [org.springframework.test.context.web.ServletTestExecutionListener@26b07d68, org.springframework.test.context.support.DirtiesContextBeforeModesTestExecutionListener@146ab869, org.springframework.boot.test.mock.mockito.MockitoTestExecutionListener@5d54a82f, org.springframework.boot.test.autoconfigure.SpringBootDependencyInjectionTestExecutionListener@50269803, org.springframework.test.context.support.DirtiesContextTestExecutionListener@7558e452, org.springframework.test.context.transaction.TransactionalTestExecutionListener@34b0a360, org.springframework.test.context.jdbc.SqlScriptsTestExecutionListener@4c5d7009, org.springframework.boot.test.autoconfigure.restdocs.RestDocsTestExecutionListener@285f1f01, org.springframework.boot.test.autoconfigure.web.client.MockRestServiceServerResetTestExecutionListener@1a17042c, org.springframework.boot.test.autoconfigure.web.servlet.MockMvcPrintOnlyOnFailureTestExecutionListener@2b8d1fad, org.springframework.boot.test.autoconfigure.web.servlet.WebDriverTestExecutionListener@cf7efed, org.springframework.boot.test.mock.mockito.ResetMocksTestExecutionListener@5c005e65]
21:12:08.945 [Test worker] DEBUG org.springframework.test.annotation.ProfileValueUtils - Retrieved @ProfileValueSourceConfiguration [null] for test class [com.study.first.springboot.domain.posts.PostsRepositoryTest]
21:12:08.947 [Test worker] DEBUG org.springframework.test.annotation.ProfileValueUtils - Retrieved ProfileValueSource type [class org.springframework.test.annotation.SystemProfileValueSource] for class [com.study.first.springboot.domain.posts.PostsRepositoryTest]
21:12:08.955 [Test worker] DEBUG org.springframework.test.annotation.ProfileValueUtils - Retrieved @ProfileValueSourceConfiguration [null] for test class [com.study.first.springboot.domain.posts.PostsRepositoryTest]
21:12:08.955 [Test worker] DEBUG org.springframework.test.annotation.ProfileValueUtils - Retrieved ProfileValueSource type [class org.springframework.test.annotation.SystemProfileValueSource] for class [com.study.first.springboot.domain.posts.PostsRepositoryTest]
21:12:08.956 [Test worker] DEBUG org.springframework.test.annotation.ProfileValueUtils - Retrieved @ProfileValueSourceConfiguration [null] for test class [com.study.first.springboot.domain.posts.PostsRepositoryTest]
21:12:08.957 [Test worker] DEBUG org.springframework.test.annotation.ProfileValueUtils - Retrieved ProfileValueSource type [class org.springframework.test.annotation.SystemProfileValueSource] for class [com.study.first.springboot.domain.posts.PostsRepositoryTest]
21:12:08.964 [Test worker] DEBUG org.springframework.test.context.support.AbstractDirtiesContextTestExecutionListener - Before test class: context [DefaultTestContext@792d9ec7 testClass = PostsRepositoryTest, testInstance = [null], testMethod = [null], testException = [null], mergedContextConfiguration = [WebMergedContextConfiguration@49c82e4d testClass = PostsRepositoryTest, locations = '{}', classes = '{class com.study.first.springboot.Application}', contextInitializerClasses = '[]', activeProfiles = '{}', propertySourceLocations = '{}', propertySourceProperties = '{org.springframework.boot.test.context.SpringBootTestContextBootstrapper=true}', contextCustomizers = set[org.springframework.boot.test.autoconfigure.properties.PropertyMappingContextCustomizer@0, org.springframework.boot.test.autoconfigure.web.servlet.WebDriverContextCustomizerFactory$Customizer@678eed6f, org.springframework.boot.test.context.filter.ExcludeFilterContextCustomizer@e43cbd6, org.springframework.boot.test.json.DuplicateJsonObjectContextCustomizerFactory$DuplicateJsonObjectContextCustomizer@61c39008, org.springframework.boot.test.mock.mockito.MockitoContextCustomizer@0, org.springframework.boot.test.web.client.TestRestTemplateContextCustomizer@66b160c9], resourceBasePath = 'src/main/webapp', contextLoader = 'org.springframework.boot.test.context.SpringBootContextLoader', parent = [null]], attributes = map['org.springframework.test.context.web.ServletTestExecutionListener.activateListener' -> true]], class annotated with @DirtiesContext [false] with mode [null].
21:12:08.965 [Test worker] DEBUG org.springframework.test.annotation.ProfileValueUtils - Retrieved @ProfileValueSourceConfiguration [null] for test class [com.study.first.springboot.domain.posts.PostsRepositoryTest]
21:12:08.966 [Test worker] DEBUG org.springframework.test.annotation.ProfileValueUtils - Retrieved ProfileValueSource type [class org.springframework.test.annotation.SystemProfileValueSource] for class [com.study.first.springboot.domain.posts.PostsRepositoryTest]
21:12:09.000 [Test worker] DEBUG org.springframework.test.context.support.TestPropertySourceUtils - Adding inlined properties to environment: {spring.jmx.enabled=false, org.springframework.boot.test.context.SpringBootTestContextBootstrapper=true, server.port=-1}

  .   ____          _            __ _ _
 /\\ / ___'_ __ _ _(_)_ __  __ _ \ \ \ \
( ( )\___ | '_ | '_| | '_ \/ _` | \ \ \ \
 \\/  ___)| |_)| | | | | || (_| |  ) ) ) )
  '  |____| .__|_| |_|_| |_\__, | / / / /
 =========|_|==============|___/=/_/_/_/
 :: Spring Boot ::        (v2.1.7.RELEASE)

2021-01-27 21:12:09.524  INFO 19048 --- [    Test worker] c.s.f.s.d.posts.PostsRepositoryTest      : Starting PostsRepositoryTest on DESKTOP-F7GHCA8 with PID 19048 (started by tmdwl in C:\Users\tmdwl\IdeaProjects\setting-InteliJ)
2021-01-27 21:12:09.529  INFO 19048 --- [    Test worker] c.s.f.s.d.posts.PostsRepositoryTest      : No active profile set, falling back to default profiles: default
2021-01-27 21:12:11.581  INFO 19048 --- [    Test worker] .s.d.r.c.RepositoryConfigurationDelegate : Bootstrapping Spring Data repositories in DEFAULT mode.
2021-01-27 21:12:11.732  INFO 19048 --- [    Test worker] .s.d.r.c.RepositoryConfigurationDelegate : Finished Spring Data repository scanning in 138ms. Found 1 repository interfaces.
2021-01-27 21:12:12.537  INFO 19048 --- [    Test worker] trationDelegate$BeanPostProcessorChecker : Bean 'org.springframework.transaction.annotation.ProxyTransactionManagementConfiguration' of type [org.springframework.transaction.annotation.ProxyTransactionManagementConfiguration$$EnhancerBySpringCGLIB$$7314d695] is not eligible for getting processed by all BeanPostProcessors (for example: not eligible for auto-proxying)
2021-01-27 21:12:13.086  INFO 19048 --- [    Test worker] com.zaxxer.hikari.HikariDataSource       : HikariPool-1 - Starting...
2021-01-27 21:12:13.527  INFO 19048 --- [    Test worker] com.zaxxer.hikari.HikariDataSource       : HikariPool-1 - Start completed.
2021-01-27 21:12:13.811  INFO 19048 --- [    Test worker] o.hibernate.jpa.internal.util.LogHelper  : HHH000204: Processing PersistenceUnitInfo [
	name: default
	...]
2021-01-27 21:12:14.003  INFO 19048 --- [    Test worker] org.hibernate.Version                    : HHH000412: Hibernate Core {5.3.10.Final}
2021-01-27 21:12:14.011  INFO 19048 --- [    Test worker] org.hibernate.cfg.Environment            : HHH000206: hibernate.properties not found
2021-01-27 21:12:14.333  INFO 19048 --- [    Test worker] o.hibernate.annotations.common.Version   : HCANN000001: Hibernate Commons Annotations {5.0.4.Final}
2021-01-27 21:12:14.740  INFO 19048 --- [    Test worker] org.hibernate.dialect.Dialect            : HHH000400: Using dialect: org.hibernate.dialect.MySQL5Dialect
Hibernate: drop table if exists posts
Hibernate: create table posts (id bigint not null auto_increment, created_date datetime, modified_date datetime, author varchar(255), content TEXT not null, title varchar(500) not null, primary key (id)) engine=MyISAM
2021-01-27 21:12:15.866  INFO 19048 --- [    Test worker] o.h.t.schema.internal.SchemaCreatorImpl  : HHH000476: Executing import script 'org.hibernate.tool.schema.internal.exec.ScriptSourceInputNonExistentImpl@7e075bf5'
2021-01-27 21:12:15.876  INFO 19048 --- [    Test worker] j.LocalContainerEntityManagerFactoryBean : Initialized JPA EntityManagerFactory for persistence unit 'default'
2021-01-27 21:12:18.028  INFO 19048 --- [    Test worker] o.s.s.concurrent.ThreadPoolTaskExecutor  : Initializing ExecutorService 'applicationTaskExecutor'
2021-01-27 21:12:18.143  WARN 19048 --- [    Test worker] aWebConfiguration$JpaWebMvcConfiguration : spring.jpa.open-in-view is enabled by default. Therefore, database queries may be performed during view rendering. Explicitly configure spring.jpa.open-in-view to disable this warning
2021-01-27 21:12:18.982  INFO 19048 --- [    Test worker] c.s.f.s.d.posts.PostsRepositoryTest      : Started PostsRepositoryTest in 9.967 seconds (JVM running for 11.897)
Hibernate: insert into posts (created_date, modified_date, author, content, title) values (?, ?, ?, ?, ?)
2021-01-27 21:12:19.568  INFO 19048 --- [    Test worker] o.h.h.i.QueryTranslatorFactoryInitiator  : HHH000397: Using ASTQueryTranslatorFactory
Hibernate: select posts0_.id as id1_0_, posts0_.created_date as created_2_0_, posts0_.modified_date as modified3_0_, posts0_.author as author4_0_, posts0_.content as content5_0_, posts0_.title as title6_0_ from posts posts0_
>>>>>>>>>>>>> createDate=2021-01-27T21:12:19.319064, modifieDate=2021-01-27T21:12:19.319064
Hibernate: select posts0_.id as id1_0_, posts0_.created_date as created_2_0_, posts0_.modified_date as modified3_0_, posts0_.author as author4_0_, posts0_.content as content5_0_, posts0_.title as title6_0_ from posts posts0_
Hibernate: delete from posts where id=?
]]></system-out>
  <system-err><![CDATA[]]></system-err>
</testsuite>
