<?xml version="1.0" encoding="UTF-8"?>
<testsuite name="com.study.first.springboot.web.IndexControllerTest" tests="1" skipped="0" failures="0" errors="0" timestamp="2021-02-07T06:32:54" hostname="DESKTOP-F7GHCA8" time="0.667">
  <properties/>
  <testcase name="메인페이지_로딩" classname="com.study.first.springboot.web.IndexControllerTest" time="0.667"/>
  <system-out><![CDATA[15:32:39.825 [Test worker] DEBUG org.springframework.test.context.junit4.SpringJUnit4ClassRunner - SpringJUnit4ClassRunner constructor called with [class com.study.first.springboot.web.IndexControllerTest]
15:32:39.835 [Test worker] DEBUG org.springframework.test.context.BootstrapUtils - Instantiating CacheAwareContextLoaderDelegate from class [org.springframework.test.context.cache.DefaultCacheAwareContextLoaderDelegate]
15:32:39.848 [Test worker] DEBUG org.springframework.test.context.BootstrapUtils - Instantiating BootstrapContext using constructor [public org.springframework.test.context.support.DefaultBootstrapContext(java.lang.Class,org.springframework.test.context.CacheAwareContextLoaderDelegate)]
15:32:39.875 [Test worker] DEBUG org.springframework.test.context.BootstrapUtils - Instantiating TestContextBootstrapper for test class [com.study.first.springboot.web.IndexControllerTest] from class [org.springframework.boot.test.context.SpringBootTestContextBootstrapper]
15:32:39.895 [Test worker] INFO org.springframework.boot.test.context.SpringBootTestContextBootstrapper - Neither @ContextConfiguration nor @ContextHierarchy found for test class [com.study.first.springboot.web.IndexControllerTest], using SpringBootContextLoader
15:32:39.902 [Test worker] DEBUG org.springframework.test.context.support.AbstractContextLoader - Did not detect default resource location for test class [com.study.first.springboot.web.IndexControllerTest]: class path resource [com/study/first/springboot/web/IndexControllerTest-context.xml] does not exist
15:32:39.903 [Test worker] DEBUG org.springframework.test.context.support.AbstractContextLoader - Did not detect default resource location for test class [com.study.first.springboot.web.IndexControllerTest]: class path resource [com/study/first/springboot/web/IndexControllerTestContext.groovy] does not exist
15:32:39.904 [Test worker] INFO org.springframework.test.context.support.AbstractContextLoader - Could not detect default resource locations for test class [com.study.first.springboot.web.IndexControllerTest]: no resource found for suffixes {-context.xml, Context.groovy}.
15:32:39.906 [Test worker] INFO org.springframework.test.context.support.AnnotationConfigContextLoaderUtils - Could not detect default configuration classes for test class [com.study.first.springboot.web.IndexControllerTest]: IndexControllerTest does not declare any static, non-private, non-final, nested classes annotated with @Configuration.
15:32:39.993 [Test worker] DEBUG org.springframework.test.context.support.ActiveProfilesUtils - Could not find an 'annotation declaring class' for annotation type [org.springframework.test.context.ActiveProfiles] and class [com.study.first.springboot.web.IndexControllerTest]
15:32:40.274 [Test worker] DEBUG org.springframework.context.annotation.ClassPathScanningCandidateComponentProvider - Identified candidate component class: file [C:\Users\tmdwl\IdeaProjects\setting-InteliJ\build\classes\java\main\com\study\first\springboot\Application.class]
15:32:40.278 [Test worker] INFO org.springframework.boot.test.context.SpringBootTestContextBootstrapper - Found @SpringBootConfiguration com.study.first.springboot.Application for test class com.study.first.springboot.web.IndexControllerTest
15:32:40.484 [Test worker] DEBUG org.springframework.boot.test.context.SpringBootTestContextBootstrapper - @TestExecutionListeners is not present for class [com.study.first.springboot.web.IndexControllerTest]: using defaults.
15:32:40.486 [Test worker] INFO org.springframework.boot.test.context.SpringBootTestContextBootstrapper - Loaded default TestExecutionListener class names from location [META-INF/spring.factories]: [org.springframework.security.test.context.support.WithSecurityContextTestExecutionListener, org.springframework.security.test.context.support.ReactorContextTestExecutionListener, org.springframework.boot.test.autoconfigure.restdocs.RestDocsTestExecutionListener, org.springframework.boot.test.autoconfigure.web.client.MockRestServiceServerResetTestExecutionListener, org.springframework.boot.test.autoconfigure.web.servlet.MockMvcPrintOnlyOnFailureTestExecutionListener, org.springframework.boot.test.autoconfigure.web.servlet.WebDriverTestExecutionListener, org.springframework.boot.test.mock.mockito.MockitoTestExecutionListener, org.springframework.boot.test.mock.mockito.ResetMocksTestExecutionListener, org.springframework.test.context.web.ServletTestExecutionListener, org.springframework.test.context.support.DirtiesContextBeforeModesTestExecutionListener, org.springframework.test.context.support.DependencyInjectionTestExecutionListener, org.springframework.test.context.support.DirtiesContextTestExecutionListener, org.springframework.test.context.transaction.TransactionalTestExecutionListener, org.springframework.test.context.jdbc.SqlScriptsTestExecutionListener]
15:32:40.522 [Test worker] INFO org.springframework.boot.test.context.SpringBootTestContextBootstrapper - Using TestExecutionListeners: [org.springframework.test.context.web.ServletTestExecutionListener@a9c6ef1, org.springframework.test.context.support.DirtiesContextBeforeModesTestExecutionListener@531f4ccb, org.springframework.boot.test.mock.mockito.MockitoTestExecutionListener@2d6c494a, org.springframework.boot.test.autoconfigure.SpringBootDependencyInjectionTestExecutionListener@49870f30, org.springframework.test.context.support.DirtiesContextTestExecutionListener@20851b17, org.springframework.test.context.transaction.TransactionalTestExecutionListener@95572d8, org.springframework.test.context.jdbc.SqlScriptsTestExecutionListener@46bc5ca1, org.springframework.security.test.context.support.WithSecurityContextTestExecutionListener@37b325c9, org.springframework.security.test.context.support.ReactorContextTestExecutionListener@3fe6cd8b, org.springframework.boot.test.autoconfigure.restdocs.RestDocsTestExecutionListener@1d07ab1d, org.springframework.boot.test.autoconfigure.web.client.MockRestServiceServerResetTestExecutionListener@39fab548, org.springframework.boot.test.autoconfigure.web.servlet.MockMvcPrintOnlyOnFailureTestExecutionListener@174942d3, org.springframework.boot.test.autoconfigure.web.servlet.WebDriverTestExecutionListener@1e4a5f24, org.springframework.boot.test.mock.mockito.ResetMocksTestExecutionListener@3eb550b3]
15:32:40.527 [Test worker] DEBUG org.springframework.test.annotation.ProfileValueUtils - Retrieved @ProfileValueSourceConfiguration [null] for test class [com.study.first.springboot.web.IndexControllerTest]
15:32:40.528 [Test worker] DEBUG org.springframework.test.annotation.ProfileValueUtils - Retrieved ProfileValueSource type [class org.springframework.test.annotation.SystemProfileValueSource] for class [com.study.first.springboot.web.IndexControllerTest]
15:32:40.530 [Test worker] DEBUG org.springframework.test.annotation.ProfileValueUtils - Retrieved @ProfileValueSourceConfiguration [null] for test class [com.study.first.springboot.web.IndexControllerTest]
15:32:40.530 [Test worker] DEBUG org.springframework.test.annotation.ProfileValueUtils - Retrieved ProfileValueSource type [class org.springframework.test.annotation.SystemProfileValueSource] for class [com.study.first.springboot.web.IndexControllerTest]
15:32:40.539 [Test worker] DEBUG org.springframework.test.context.support.AbstractDirtiesContextTestExecutionListener - Before test class: context [DefaultTestContext@4830ca38 testClass = IndexControllerTest, testInstance = [null], testMethod = [null], testException = [null], mergedContextConfiguration = [WebMergedContextConfiguration@1679f6ca testClass = IndexControllerTest, locations = '{}', classes = '{class com.study.first.springboot.Application}', contextInitializerClasses = '[]', activeProfiles = '{}', propertySourceLocations = '{}', propertySourceProperties = '{org.springframework.boot.test.context.SpringBootTestContextBootstrapper=true, server.port=0}', contextCustomizers = set[org.springframework.boot.test.autoconfigure.properties.PropertyMappingContextCustomizer@0, org.springframework.boot.test.autoconfigure.web.servlet.WebDriverContextCustomizerFactory$Customizer@73aa7a18, org.springframework.boot.test.context.filter.ExcludeFilterContextCustomizer@44c72a6b, org.springframework.boot.test.json.DuplicateJsonObjectContextCustomizerFactory$DuplicateJsonObjectContextCustomizer@488a6f9a, org.springframework.boot.test.mock.mockito.MockitoContextCustomizer@0, org.springframework.boot.test.web.client.TestRestTemplateContextCustomizer@558c9313], resourceBasePath = 'src/main/webapp', contextLoader = 'org.springframework.boot.test.context.SpringBootContextLoader', parent = [null]], attributes = map['org.springframework.test.context.web.ServletTestExecutionListener.activateListener' -> false]], class annotated with @DirtiesContext [false] with mode [null].
15:32:40.540 [Test worker] DEBUG org.springframework.test.annotation.ProfileValueUtils - Retrieved @ProfileValueSourceConfiguration [null] for test class [com.study.first.springboot.web.IndexControllerTest]
15:32:40.540 [Test worker] DEBUG org.springframework.test.annotation.ProfileValueUtils - Retrieved ProfileValueSource type [class org.springframework.test.annotation.SystemProfileValueSource] for class [com.study.first.springboot.web.IndexControllerTest]
15:32:40.552 [Test worker] DEBUG org.springframework.test.context.support.DependencyInjectionTestExecutionListener - Performing dependency injection for test context [[DefaultTestContext@4830ca38 testClass = IndexControllerTest, testInstance = com.study.first.springboot.web.IndexControllerTest@5a27083b, testMethod = [null], testException = [null], mergedContextConfiguration = [WebMergedContextConfiguration@1679f6ca testClass = IndexControllerTest, locations = '{}', classes = '{class com.study.first.springboot.Application}', contextInitializerClasses = '[]', activeProfiles = '{}', propertySourceLocations = '{}', propertySourceProperties = '{org.springframework.boot.test.context.SpringBootTestContextBootstrapper=true, server.port=0}', contextCustomizers = set[org.springframework.boot.test.autoconfigure.properties.PropertyMappingContextCustomizer@0, org.springframework.boot.test.autoconfigure.web.servlet.WebDriverContextCustomizerFactory$Customizer@73aa7a18, org.springframework.boot.test.context.filter.ExcludeFilterContextCustomizer@44c72a6b, org.springframework.boot.test.json.DuplicateJsonObjectContextCustomizerFactory$DuplicateJsonObjectContextCustomizer@488a6f9a, org.springframework.boot.test.mock.mockito.MockitoContextCustomizer@0, org.springframework.boot.test.web.client.TestRestTemplateContextCustomizer@558c9313], resourceBasePath = 'src/main/webapp', contextLoader = 'org.springframework.boot.test.context.SpringBootContextLoader', parent = [null]], attributes = map['org.springframework.test.context.web.ServletTestExecutionListener.activateListener' -> false]]].
15:32:40.590 [Test worker] DEBUG org.springframework.test.context.support.TestPropertySourceUtils - Adding inlined properties to environment: {spring.jmx.enabled=false, org.springframework.boot.test.context.SpringBootTestContextBootstrapper=true, server.port=0}

  .   ____          _            __ _ _
 /\\ / ___'_ __ _ _(_)_ __  __ _ \ \ \ \
( ( )\___ | '_ | '_| | '_ \/ _` | \ \ \ \
 \\/  ___)| |_)| | | | | || (_| |  ) ) ) )
  '  |____| .__|_| |_|_| |_\__, | / / / /
 =========|_|==============|___/=/_/_/_/
 :: Spring Boot ::        (v2.1.7.RELEASE)

2021-02-07 15:32:41.209  INFO 1784 --- [    Test worker] c.s.f.s.web.IndexControllerTest          : Starting IndexControllerTest on DESKTOP-F7GHCA8 with PID 1784 (started by tmdwl in C:\Users\tmdwl\IdeaProjects\setting-InteliJ)
2021-02-07 15:32:41.211  INFO 1784 --- [    Test worker] c.s.f.s.web.IndexControllerTest          : The following profiles are active: oauth
2021-02-07 15:32:43.251  INFO 1784 --- [    Test worker] .s.d.r.c.RepositoryConfigurationDelegate : Bootstrapping Spring Data repositories in DEFAULT mode.
2021-02-07 15:32:43.428  INFO 1784 --- [    Test worker] .s.d.r.c.RepositoryConfigurationDelegate : Finished Spring Data repository scanning in 157ms. Found 2 repository interfaces.
2021-02-07 15:32:44.489  INFO 1784 --- [    Test worker] trationDelegate$BeanPostProcessorChecker : Bean 'org.springframework.transaction.annotation.ProxyTransactionManagementConfiguration' of type [org.springframework.transaction.annotation.ProxyTransactionManagementConfiguration$$EnhancerBySpringCGLIB$$69e39566] is not eligible for getting processed by all BeanPostProcessors (for example: not eligible for auto-proxying)
2021-02-07 15:32:45.500  INFO 1784 --- [    Test worker] o.s.b.w.embedded.tomcat.TomcatWebServer  : Tomcat initialized with port(s): 0 (http)
2021-02-07 15:32:45.549  INFO 1784 --- [    Test worker] o.apache.catalina.core.StandardService   : Starting service [Tomcat]
2021-02-07 15:32:45.550  INFO 1784 --- [    Test worker] org.apache.catalina.core.StandardEngine  : Starting Servlet engine: [Apache Tomcat/9.0.22]
2021-02-07 15:32:45.845  INFO 1784 --- [    Test worker] o.a.c.c.C.[Tomcat].[localhost].[/]       : Initializing Spring embedded WebApplicationContext
2021-02-07 15:32:45.846  INFO 1784 --- [    Test worker] o.s.web.context.ContextLoader            : Root WebApplicationContext: initialization completed in 4601 ms
2021-02-07 15:32:46.575  INFO 1784 --- [    Test worker] com.zaxxer.hikari.HikariDataSource       : HikariPool-1 - Starting...
2021-02-07 15:32:46.920  INFO 1784 --- [    Test worker] com.zaxxer.hikari.HikariDataSource       : HikariPool-1 - Start completed.
2021-02-07 15:32:47.186  INFO 1784 --- [    Test worker] o.hibernate.jpa.internal.util.LogHelper  : HHH000204: Processing PersistenceUnitInfo [
	name: default
	...]
2021-02-07 15:32:47.382  INFO 1784 --- [    Test worker] org.hibernate.Version                    : HHH000412: Hibernate Core {5.3.10.Final}
2021-02-07 15:32:47.386  INFO 1784 --- [    Test worker] org.hibernate.cfg.Environment            : HHH000206: hibernate.properties not found
2021-02-07 15:32:47.801  INFO 1784 --- [    Test worker] o.hibernate.annotations.common.Version   : HCANN000001: Hibernate Commons Annotations {5.0.4.Final}
2021-02-07 15:32:48.163  INFO 1784 --- [    Test worker] org.hibernate.dialect.Dialect            : HHH000400: Using dialect: org.hibernate.dialect.MySQL5Dialect
Hibernate: drop table if exists posts
Hibernate: drop table if exists user
Hibernate: create table posts (id bigint not null auto_increment, created_date datetime, modified_date datetime, author varchar(255), content TEXT not null, title varchar(500) not null, primary key (id)) engine=MyISAM
Hibernate: create table user (id bigint not null auto_increment, created_date datetime, modified_date datetime, email varchar(255) not null, name varchar(255) not null, picture varchar(255), role varchar(255) not null, primary key (id)) engine=MyISAM
2021-02-07 15:32:49.637  INFO 1784 --- [    Test worker] o.h.t.schema.internal.SchemaCreatorImpl  : HHH000476: Executing import script 'org.hibernate.tool.schema.internal.exec.ScriptSourceInputNonExistentImpl@490ab913'
2021-02-07 15:32:49.642  INFO 1784 --- [    Test worker] j.LocalContainerEntityManagerFactoryBean : Initialized JPA EntityManagerFactory for persistence unit 'default'
2021-02-07 15:32:51.377  INFO 1784 --- [    Test worker] o.h.h.i.QueryTranslatorFactoryInitiator  : HHH000397: Using ASTQueryTranslatorFactory
2021-02-07 15:32:52.305  INFO 1784 --- [    Test worker] o.s.s.web.DefaultSecurityFilterChain     : Creating filter chain: any request, [org.springframework.security.web.context.request.async.WebAsyncManagerIntegrationFilter@96987fe, org.springframework.security.web.context.SecurityContextPersistenceFilter@5a892654, org.springframework.security.web.header.HeaderWriterFilter@6e4ed1c4, org.springframework.security.web.authentication.logout.LogoutFilter@18aa5809, org.springframework.security.oauth2.client.web.OAuth2AuthorizationRequestRedirectFilter@26168891, org.springframework.security.oauth2.client.web.OAuth2LoginAuthenticationFilter@a084bf7, org.springframework.security.web.authentication.ui.DefaultLoginPageGeneratingFilter@34c356a0, org.springframework.security.web.authentication.ui.DefaultLogoutPageGeneratingFilter@32fa21ed, org.springframework.security.web.savedrequest.RequestCacheAwareFilter@7ada890c, org.springframework.security.web.servletapi.SecurityContextHolderAwareRequestFilter@58d29cae, org.springframework.security.web.authentication.AnonymousAuthenticationFilter@72ef51b3, org.springframework.security.web.session.SessionManagementFilter@6cc65fde, org.springframework.security.web.access.ExceptionTranslationFilter@22804090, org.springframework.security.web.access.intercept.FilterSecurityInterceptor@52cd6b06]
2021-02-07 15:32:53.165  INFO 1784 --- [    Test worker] o.s.s.concurrent.ThreadPoolTaskExecutor  : Initializing ExecutorService 'applicationTaskExecutor'
2021-02-07 15:32:53.286  WARN 1784 --- [    Test worker] aWebConfiguration$JpaWebMvcConfiguration : spring.jpa.open-in-view is enabled by default. Therefore, database queries may be performed during view rendering. Explicitly configure spring.jpa.open-in-view to disable this warning
2021-02-07 15:32:53.415  INFO 1784 --- [    Test worker] o.s.b.a.w.s.WelcomePageHandlerMapping    : Adding welcome page template: index
2021-02-07 15:32:54.330  INFO 1784 --- [    Test worker] s.a.ScheduledAnnotationBeanPostProcessor : No TaskScheduler/ScheduledExecutorService bean found for scheduled processing
2021-02-07 15:32:54.386  INFO 1784 --- [    Test worker] o.s.b.w.embedded.tomcat.TomcatWebServer  : Tomcat started on port(s): 11216 (http) with context path ''
2021-02-07 15:32:54.390  INFO 1784 --- [    Test worker] c.s.f.s.web.IndexControllerTest          : Started IndexControllerTest in 13.796 seconds (JVM running for 15.712)
2021-02-07 15:32:54.742  INFO 1784 --- [o-auto-1-exec-1] o.a.c.c.C.[Tomcat].[localhost].[/]       : Initializing Spring DispatcherServlet 'dispatcherServlet'
2021-02-07 15:32:54.742  INFO 1784 --- [o-auto-1-exec-1] o.s.web.servlet.DispatcherServlet        : Initializing Servlet 'dispatcherServlet'
2021-02-07 15:32:54.788  INFO 1784 --- [o-auto-1-exec-1] o.s.web.servlet.DispatcherServlet        : Completed initialization in 46 ms
Hibernate: select posts0_.id as id1_0_, posts0_.created_date as created_2_0_, posts0_.modified_date as modified3_0_, posts0_.author as author4_0_, posts0_.content as content5_0_, posts0_.title as title6_0_ from posts posts0_ order by posts0_.id DESC
]]></system-out>
  <system-err><![CDATA[]]></system-err>
</testsuite>
